<?xml version="1.0" encoding="UTF-8"?>
<!-- Generated by org.testng.reporters.JUnitReportReporter -->
<testsuite skipped="0" hostname="DESKTOP-MRNVS04" name="package2.class3" tests="1" failures="0" timestamp="27 八月 2019 14:59:24 GMT" time="0.005" errors="0">
  <testcase name="method6" time="0.005" classname="package2.class3"/>
</testsuite> <!-- package2.class3 -->
