<?xml version="1.0" encoding="UTF-8"?>
<!-- Generated by org.testng.reporters.JUnitReportReporter -->
<testsuite skipped="0" hostname="DESKTOP-MRNVS04" name="package1.class1" tests="3" failures="0" timestamp="27 八月 2019 14:59:24 GMT" time="0.018" errors="0">
  <testcase name="method3" time="0.002" classname="package1.class1"/>
  <testcase name="method1" time="0.009" classname="package1.class1"/>
  <testcase name="method2" time="0.007" classname="package1.class1"/>
</testsuite> <!-- package1.class1 -->
